  Camera.cpp
  CapsuleCollider.cpp
  Collider.cpp
  DebugUtil.cpp
  Effect.cpp
  Game.cpp
  Bullet.cpp
  EnemyAcid.cpp
  EnemyBase.cpp
C:\Users\由留部 瑛人\Documents\MyGame3D2\3DShooting\3DShooting\GameObject\EnemyBase.cpp(25,21): warning C4244: '初期化中': 'const float' から 'int' への変換です。データが失われる可能性があります。
  EnemyBoss.cpp
  EnemyNormal.cpp
C:\Users\由留部 瑛人\Documents\MyGame3D2\3DShooting\3DShooting\GameObject\EnemyNormal.cpp(157,30): warning C4244: '=': 'double' から 'float' への変換です。データが失われる可能性があります。
C:\Users\由留部 瑛人\Documents\MyGame3D2\3DShooting\3DShooting\GameObject\EnemyNormal.cpp(165,35): warning C4244: '初期化中': 'double' から 'float' への変換です。データが失われる可能性があります。
C:\Users\由留部 瑛人\Documents\MyGame3D2\3DShooting\3DShooting\GameObject\EnemyNormal.cpp(166,33): warning C4244: '初期化中': 'double' から 'float' への変換です。データが失われる可能性があります。
  EnemyRunner.cpp
  FirstAidKitItem.cpp
  ItemBase.cpp
  Player.cpp
  InputManager.cpp
  Mouse.cpp
  SceneBase.cpp
  SceneGameOver.cpp
  SceneMain.cpp
C:\Users\由留部 瑛人\Documents\MyGame3D2\3DShooting\3DShooting\Scene\SceneMain.cpp(203,64): warning C4244: '引数': 'float' から 'int' への変換です。データが失われる可能性があります。
C:\Users\由留部 瑛人\Documents\MyGame3D2\3DShooting\3DShooting\Scene\SceneMain.cpp(203,30): warning C4244: '引数': 'float' から 'int' への変換です。データが失われる可能性があります。
  コードを生成中...
  コンパイル中...
  SceneManager.cpp
  SceneOption.cpp
  SceneResult.cpp
  SceneTitle.cpp
  SphereCollider.cpp
  Vec2.cpp
  Vec3.cpp
  main.cpp
  コードを生成中...
  3DShooting.vcxproj -> C:\Users\由留部 瑛人\Documents\MyGame3D2\3DShooting\x64\Debug\3DShooting.exe
